<?xml version="1.0" encoding="UTF-8"?>
<!-- Generated by org.testng.reporters.JUnitReportReporter -->
<testsuite hostname="DESKTOP-ET3V8KL" failures="0" tests="1" name="com.runner.cucumber.RunnerCucumber" time="0.812" errors="1" timestamp="31 Jul 2020 14:23:14 GMT" skipped="0">
  <testcase classname="com.runner.cucumber.RunnerCucumber" name="setUpClass" time="0.812">
    <error message="Failed to parse resource at: file:///D:/TestingShastra/FirstProject/src/test/resources/Multiplication.feature" type="io.cucumber.core.gherkin.FeatureParserException">
      <![CDATA[io.cucumber.core.gherkin.FeatureParserException: Failed to parse resource at: file:///D:/TestingShastra/FirstProject/src/test/resources/Multiplication.feature
at io.cucumber.core.gherkin.vintage.GherkinVintageFeatureParser.parseGherkin5(GherkinVintageFeatureParser.java:40)
at io.cucumber.core.gherkin.vintage.GherkinVintageFeatureParser.parse(GherkinVintageFeatureParser.java:58)
at io.cucumber.core.feature.FeatureParser.parseResource(FeatureParser.java:44)
at java.base/java.util.function.BiFunction.lambda$andThen$0(BiFunction.java:70)
at io.cucumber.core.resource.ResourceScanner.lambda$processResource$2(ResourceScanner.java:126)
at io.cucumber.core.resource.PathScanner$ResourceFileVisitor.visitFile(PathScanner.java:67)
at io.cucumber.core.resource.PathScanner$ResourceFileVisitor.visitFile(PathScanner.java:52)
at java.base/java.nio.file.Files.walkFileTree(Files.java:2804)
at java.base/java.nio.file.Files.walkFileTree(Files.java:2876)
at io.cucumber.core.resource.PathScanner.findResourcesForPath(PathScanner.java:46)
at io.cucumber.core.resource.PathScanner.findResourcesForUri(PathScanner.java:26)
at io.cucumber.core.resource.ResourceScanner.findResourcesForUri(ResourceScanner.java:109)
at io.cucumber.core.resource.ResourceScanner.scanForResourcesUri(ResourceScanner.java:86)
at io.cucumber.core.runtime.FeaturePathFeatureSupplier.loadFeatures(FeaturePathFeatureSupplier.java:61)
at io.cucumber.core.runtime.FeaturePathFeatureSupplier.get(FeaturePathFeatureSupplier.java:45)
at io.cucumber.testng.TestNGCucumberRunner.<init>(TestNGCucumberRunner.java:114)
at io.cucumber.testng.AbstractTestNGCucumberTests.setUpClass(AbstractTestNGCucumberTests.java:22)
at java.base/jdk.internal.reflect.NativeMethodAccessorImpl.invoke0(Native Method)
at java.base/jdk.internal.reflect.NativeMethodAccessorImpl.invoke(NativeMethodAccessorImpl.java:62)
at java.base/jdk.internal.reflect.DelegatingMethodAccessorImpl.invoke(DelegatingMethodAccessorImpl.java:43)
at java.base/java.lang.reflect.Method.invoke(Method.java:564)
at org.testng.internal.MethodInvocationHelper.invokeMethod(MethodInvocationHelper.java:124)
at org.testng.internal.MethodInvocationHelper.invokeMethodConsideringTimeout(MethodInvocationHelper.java:59)
at org.testng.internal.Invoker.invokeConfigurationMethod(Invoker.java:458)
at org.testng.internal.Invoker.invokeConfigurations(Invoker.java:222)
at org.testng.internal.Invoker.invokeConfigurations(Invoker.java:142)
at org.testng.internal.TestMethodWorker.invokeBeforeClassMethods(TestMethodWorker.java:168)
at org.testng.internal.TestMethodWorker.run(TestMethodWorker.java:105)
at org.testng.TestRunner.privateRun(TestRunner.java:648)
at org.testng.TestRunner.run(TestRunner.java:505)
at org.testng.SuiteRunner.runTest(SuiteRunner.java:455)
at org.testng.SuiteRunner.runSequentially(SuiteRunner.java:450)
at org.testng.SuiteRunner.privateRun(SuiteRunner.java:415)
at org.testng.SuiteRunner.run(SuiteRunner.java:364)
at org.testng.SuiteRunnerWorker.runSuite(SuiteRunnerWorker.java:52)
at org.testng.SuiteRunnerWorker.run(SuiteRunnerWorker.java:84)
at org.testng.TestNG.runSuitesSequentially(TestNG.java:1208)
at org.testng.TestNG.runSuitesLocally(TestNG.java:1137)
at org.testng.TestNG.runSuites(TestNG.java:1049)
at org.testng.TestNG.run(TestNG.java:1017)
at org.testng.remote.AbstractRemoteTestNG.run(AbstractRemoteTestNG.java:115)
at org.testng.remote.RemoteTestNG.initAndRun(RemoteTestNG.java:251)
at org.testng.remote.RemoteTestNG.main(RemoteTestNG.java:77)
Caused by: io.cucumber.core.gherkin.vintage.internal.gherkin.ParserException$CompositeParserException: Parser errors:
(3:1): expected: #EOF, #Comment, #BackgroundLine, #TagLine, #ScenarioLine, #ScenarioOutlineLine, #Empty, got 'Given Chrome browser is opened'
at io.cucumber.core.gherkin.vintage.internal.gherkin.Parser.parse(Parser.java:143)
at io.cucumber.core.gherkin.vintage.internal.gherkin.Parser.parse(Parser.java:118)
at io.cucumber.core.gherkin.vintage.internal.gherkin.Parser.parse(Parser.java:114)
at io.cucumber.core.gherkin.vintage.GherkinVintageFeatureParser.parseGherkin5(GherkinVintageFeatureParser.java:29)
... 42 more
]]>
    </error>
  </testcase> <!-- setUpClass -->
</testsuite> <!-- com.runner.cucumber.RunnerCucumber -->
